Determining if the __GLIBC__ exist failed with the following output:
Change Dir: /Users/rudolfvrbensky/Documents/Programing/C/XSUIlib/build/CMakeFiles/CMakeScratch/TryCompile-fZnyaI

Run Build Command(s):/Applications/CLion.app/Contents/bin/ninja/mac/ninja cmTC_31e1b && [1/2] Building C object CMakeFiles/cmTC_31e1b.dir/Debug/CheckSymbolExists.c.o
FAILED: CMakeFiles/cmTC_31e1b.dir/Debug/CheckSymbolExists.c.o 
/Applications/Xcode.app/Contents/Developer/Toolchains/XcodeDefault.xctoolchain/usr/bin/cc -DCMAKE_INTDIR=\"Debug\"  -g -arch arm64 -isysroot /Applications/Xcode.app/Contents/Developer/Platforms/MacOSX.platform/Developer/SDKs/MacOSX14.0.sdk -mmacosx-version-min=13.5 -fcolor-diagnostics -MD -MT CMakeFiles/cmTC_31e1b.dir/Debug/CheckSymbolExists.c.o -MF CMakeFiles/cmTC_31e1b.dir/Debug/CheckSymbolExists.c.o.d -o CMakeFiles/cmTC_31e1b.dir/Debug/CheckSymbolExists.c.o -c /Users/rudolfvrbensky/Documents/Programing/C/XSUIlib/build/CMakeFiles/CMakeScratch/TryCompile-fZnyaI/CheckSymbolExists.c
/Users/rudolfvrbensky/Documents/Programing/C/XSUIlib/build/CMakeFiles/CMakeScratch/TryCompile-fZnyaI/CheckSymbolExists.c:8:19: error: use of undeclared identifier '__GLIBC__'
  return ((int*)(&__GLIBC__))[argc];
                  ^
1 error generated.
ninja: build stopped: subcommand failed.


File CheckSymbolExists.c:
/* */
#include <stdlib.h>

int main(int argc, char** argv)
{
  (void)argv;
#ifndef __GLIBC__
  return ((int*)(&__GLIBC__))[argc];
#else
  (void)argc;
  return 0;
#endif
}

Performing C SOURCE FILE Test CHECK_CPU_ARCHITECTURE_X86 failed with the following output:
Change Dir: /Users/rudolfvrbensky/Documents/Programing/C/XSUIlib/build/CMakeFiles/CMakeScratch/TryCompile-WsKUp4

Run Build Command(s):/Applications/CLion.app/Contents/bin/ninja/mac/ninja cmTC_d7282 && [1/2] Building C object CMakeFiles/cmTC_d7282.dir/Debug/src.c.o
FAILED: CMakeFiles/cmTC_d7282.dir/Debug/src.c.o 
/Applications/Xcode.app/Contents/Developer/Toolchains/XcodeDefault.xctoolchain/usr/bin/cc -DCHECK_CPU_ARCHITECTURE_X86 -DCMAKE_INTDIR=\"Debug\"  -g -arch arm64 -isysroot /Applications/Xcode.app/Contents/Developer/Platforms/MacOSX.platform/Developer/SDKs/MacOSX14.0.sdk -mmacosx-version-min=13.5 -fcolor-diagnostics -MD -MT CMakeFiles/cmTC_d7282.dir/Debug/src.c.o -MF CMakeFiles/cmTC_d7282.dir/Debug/src.c.o.d -o CMakeFiles/cmTC_d7282.dir/Debug/src.c.o -c /Users/rudolfvrbensky/Documents/Programing/C/XSUIlib/build/CMakeFiles/CMakeScratch/TryCompile-WsKUp4/src.c
/Users/rudolfvrbensky/Documents/Programing/C/XSUIlib/build/CMakeFiles/CMakeScratch/TryCompile-WsKUp4/src.c:6:3: error: use of undeclared identifier 'choke'
  choke
  ^
1 error generated.
ninja: build stopped: subcommand failed.


Source file was:

int main(int argc, char *argv[]) {
#if defined(__i386__) || defined(__i486__) || defined(__i586__) || defined(__i686__) ||defined( __i386) || defined(_M_IX86)
  return 0;
#else
  choke
#endif
}


Performing C SOURCE FILE Test CHECK_CPU_ARCHITECTURE_X64 failed with the following output:
Change Dir: /Users/rudolfvrbensky/Documents/Programing/C/XSUIlib/build/CMakeFiles/CMakeScratch/TryCompile-WB6AaO

Run Build Command(s):/Applications/CLion.app/Contents/bin/ninja/mac/ninja cmTC_9cebe && [1/2] Building C object CMakeFiles/cmTC_9cebe.dir/Debug/src.c.o
FAILED: CMakeFiles/cmTC_9cebe.dir/Debug/src.c.o 
/Applications/Xcode.app/Contents/Developer/Toolchains/XcodeDefault.xctoolchain/usr/bin/cc -DCHECK_CPU_ARCHITECTURE_X64 -DCMAKE_INTDIR=\"Debug\"  -g -arch arm64 -isysroot /Applications/Xcode.app/Contents/Developer/Platforms/MacOSX.platform/Developer/SDKs/MacOSX14.0.sdk -mmacosx-version-min=13.5 -fcolor-diagnostics -MD -MT CMakeFiles/cmTC_9cebe.dir/Debug/src.c.o -MF CMakeFiles/cmTC_9cebe.dir/Debug/src.c.o.d -o CMakeFiles/cmTC_9cebe.dir/Debug/src.c.o -c /Users/rudolfvrbensky/Documents/Programing/C/XSUIlib/build/CMakeFiles/CMakeScratch/TryCompile-WB6AaO/src.c
/Users/rudolfvrbensky/Documents/Programing/C/XSUIlib/build/CMakeFiles/CMakeScratch/TryCompile-WB6AaO/src.c:6:3: error: use of undeclared identifier 'choke'
  choke
  ^
1 error generated.
ninja: build stopped: subcommand failed.


Source file was:

int main(int argc, char *argv[]) {
#if defined(__amd64__) || defined(__amd64) || defined(__x86_64__) || defined(__x86_64) || defined(_M_X64) || defined(_M_AMD64)
  return 0;
#else
  choke
#endif
}


Performing C SOURCE FILE Test CHECK_CPU_ARCHITECTURE_ARM32 failed with the following output:
Change Dir: /Users/rudolfvrbensky/Documents/Programing/C/XSUIlib/build/CMakeFiles/CMakeScratch/TryCompile-M4qMBH

Run Build Command(s):/Applications/CLion.app/Contents/bin/ninja/mac/ninja cmTC_a4173 && [1/2] Building C object CMakeFiles/cmTC_a4173.dir/Debug/src.c.o
FAILED: CMakeFiles/cmTC_a4173.dir/Debug/src.c.o 
/Applications/Xcode.app/Contents/Developer/Toolchains/XcodeDefault.xctoolchain/usr/bin/cc -DCHECK_CPU_ARCHITECTURE_ARM32 -DCMAKE_INTDIR=\"Debug\"  -g -arch arm64 -isysroot /Applications/Xcode.app/Contents/Developer/Platforms/MacOSX.platform/Developer/SDKs/MacOSX14.0.sdk -mmacosx-version-min=13.5 -fcolor-diagnostics -MD -MT CMakeFiles/cmTC_a4173.dir/Debug/src.c.o -MF CMakeFiles/cmTC_a4173.dir/Debug/src.c.o.d -o CMakeFiles/cmTC_a4173.dir/Debug/src.c.o -c /Users/rudolfvrbensky/Documents/Programing/C/XSUIlib/build/CMakeFiles/CMakeScratch/TryCompile-M4qMBH/src.c
/Users/rudolfvrbensky/Documents/Programing/C/XSUIlib/build/CMakeFiles/CMakeScratch/TryCompile-M4qMBH/src.c:6:3: error: use of undeclared identifier 'choke'
  choke
  ^
1 error generated.
ninja: build stopped: subcommand failed.


Source file was:

int main(int argc, char *argv[]) {
#if defined(__arm__) || defined(_M_ARM)
  return 0;
#else
  choke
#endif
}


Performing C SOURCE FILE Test CHECK_CPU_ARCHITECTURE_LOONGARCH64 failed with the following output:
Change Dir: /Users/rudolfvrbensky/Documents/Programing/C/XSUIlib/build/CMakeFiles/CMakeScratch/TryCompile-tLUmMs

Run Build Command(s):/Applications/CLion.app/Contents/bin/ninja/mac/ninja cmTC_627d9 && [1/2] Building C object CMakeFiles/cmTC_627d9.dir/Debug/src.c.o
FAILED: CMakeFiles/cmTC_627d9.dir/Debug/src.c.o 
/Applications/Xcode.app/Contents/Developer/Toolchains/XcodeDefault.xctoolchain/usr/bin/cc -DCHECK_CPU_ARCHITECTURE_LOONGARCH64 -DCMAKE_INTDIR=\"Debug\"  -g -arch arm64 -isysroot /Applications/Xcode.app/Contents/Developer/Platforms/MacOSX.platform/Developer/SDKs/MacOSX14.0.sdk -mmacosx-version-min=13.5 -fcolor-diagnostics -MD -MT CMakeFiles/cmTC_627d9.dir/Debug/src.c.o -MF CMakeFiles/cmTC_627d9.dir/Debug/src.c.o.d -o CMakeFiles/cmTC_627d9.dir/Debug/src.c.o -c /Users/rudolfvrbensky/Documents/Programing/C/XSUIlib/build/CMakeFiles/CMakeScratch/TryCompile-tLUmMs/src.c
/Users/rudolfvrbensky/Documents/Programing/C/XSUIlib/build/CMakeFiles/CMakeScratch/TryCompile-tLUmMs/src.c:6:3: error: use of undeclared identifier 'choke'
  choke
  ^
1 error generated.
ninja: build stopped: subcommand failed.


Source file was:

int main(int argc, char *argv[]) {
#if defined(__loongarch64)
  return 0;
#else
  choke
#endif
}


Determining if the include file immintrin.h exists failed with the following output:
Change Dir: /Users/rudolfvrbensky/Documents/Programing/C/XSUIlib/build/CMakeFiles/CMakeScratch/TryCompile-eJzoVC

Run Build Command(s):/Applications/CLion.app/Contents/bin/ninja/mac/ninja cmTC_4b064 && [1/2] Building C object CMakeFiles/cmTC_4b064.dir/Debug/CheckIncludeFile.c.o
FAILED: CMakeFiles/cmTC_4b064.dir/Debug/CheckIncludeFile.c.o 
/Applications/Xcode.app/Contents/Developer/Toolchains/XcodeDefault.xctoolchain/usr/bin/cc -DCMAKE_INTDIR=\"Debug\"  -idirafter "/Users/rudolfvrbensky/Documents/Programing/C/XSUIlib/external/SDL2/src/video/khronos"  -D_GNU_SOURCE=1 -g -arch arm64 -isysroot /Applications/Xcode.app/Contents/Developer/Platforms/MacOSX.platform/Developer/SDKs/MacOSX14.0.sdk -mmacosx-version-min=13.5 -fcolor-diagnostics -MD -MT CMakeFiles/cmTC_4b064.dir/Debug/CheckIncludeFile.c.o -MF CMakeFiles/cmTC_4b064.dir/Debug/CheckIncludeFile.c.o.d -o CMakeFiles/cmTC_4b064.dir/Debug/CheckIncludeFile.c.o -c /Users/rudolfvrbensky/Documents/Programing/C/XSUIlib/build/CMakeFiles/CMakeScratch/TryCompile-eJzoVC/CheckIncludeFile.c
In file included from /Users/rudolfvrbensky/Documents/Programing/C/XSUIlib/build/CMakeFiles/CMakeScratch/TryCompile-eJzoVC/CheckIncludeFile.c:1:
/Applications/Xcode.app/Contents/Developer/Toolchains/XcodeDefault.xctoolchain/usr/lib/clang/15.0.0/include/immintrin.h:14:2: error: "This header is only meant to be used on x86 and x64 architecture"
#error "This header is only meant to be used on x86 and x64 architecture"
 ^
In file included from /Users/rudolfvrbensky/Documents/Programing/C/XSUIlib/build/CMakeFiles/CMakeScratch/TryCompile-eJzoVC/CheckIncludeFile.c:1:
In file included from /Applications/Xcode.app/Contents/Developer/Toolchains/XcodeDefault.xctoolchain/usr/lib/clang/15.0.0/include/immintrin.h:17:
In file included from /Applications/Xcode.app/Contents/Developer/Toolchains/XcodeDefault.xctoolchain/usr/lib/clang/15.0.0/include/x86gprintrin.h:15:
/Applications/Xcode.app/Contents/Developer/Toolchains/XcodeDefault.xctoolchain/usr/lib/clang/15.0.0/include/hresetintrin.h:42:27: error: invalid input constraint 'a' in asm
  __asm__ ("hreset $0" :: "a"(__eax));
                          ^
In file included from /Users/rudolfvrbensky/Documents/Programing/C/XSUIlib/build/CMakeFiles/CMakeScratch/TryCompile-eJzoVC/CheckIncludeFile.c:1:
In file included from /Applications/Xcode.app/Contents/Developer/Toolchains/XcodeDefault.xctoolchain/usr/lib/clang/15.0.0/include/immintrin.h:21:
/Applications/Xcode.app/Contents/Developer/Toolchains/XcodeDefault.xctoolchain/usr/lib/clang/15.0.0/include/mmintrin.h:14:2: error: "This header is only meant to be used on x86 and x64 architecture"
#error "This header is only meant to be used on x86 and x64 architecture"
 ^
/Applications/Xcode.app/Contents/Developer/Toolchains/XcodeDefault.xctoolchain/usr/lib/clang/15.0.0/include/mmintrin.h:54:12: error: invalid conversion between vector type '__m64' (vector of 1 'long long' value) and integer type 'int' of different size
    return (__m64)__builtin_ia32_vec_init_v2si(__i, 0);
           ^~~~~~~~~~~~~~~~~~~~~~~~~~~~~~~~~~~~~~~~~~~
/Applications/Xcode.app/Contents/Developer/Toolchains/XcodeDefault.xctoolchain/usr/lib/clang/15.0.0/include/mmintrin.h:133:12: error: invalid conversion between vector type '__m64' (vector of 1 'long long' value) and integer type 'int' of different size
    return (__m64)__builtin_ia32_packsswb((__v4hi)__m1, (__v4hi)__m2);
           ^~~~~~~~~~~~~~~~~~~~~~~~~~~~~~~~~~~~~~~~~~~~~~~~~~~~~~~~~~
/Applications/Xcode.app/Contents/Developer/Toolchains/XcodeDefault.xctoolchain/usr/lib/clang/15.0.0/include/mmintrin.h:163:12: error: invalid conversion between vector type '__m64' (vector of 1 'long long' value) and integer type 'int' of different size
    return (__m64)__builtin_ia32_packssdw((__v2si)__m1, (__v2si)__m2);
           ^~~~~~~~~~~~~~~~~~~~~~~~~~~~~~~~~~~~~~~~~~~~~~~~~~~~~~~~~~
/Applications/Xcode.app/Contents/Developer/Toolchains/XcodeDefault.xctoolchain/usr/lib/clang/15.0.0/include/mmintrin.h:193:12: error: invalid conversion between vector type '__m64' (vector of 1 'long long' value) and integer type 'int' of different size
    return (__m64)__builtin_ia32_packuswb((__v4hi)__m1, (__v4hi)__m2);
           ^~~~~~~~~~~~~~~~~~~~~~~~~~~~~~~~~~~~~~~~~~~~~~~~~~~~~~~~~~
/Applications/Xcode.app/Contents/Developer/Toolchains/XcodeDefault.xctoolchain/usr/lib/clang/15.0.0/include/mmintrin.h:220:12: error: invalid conversion between vector type '__m64' (vector of 1 'long long' value) and integer type 'int' of different size
    return (__m64)__builtin_ia32_punpckhbw((__v8qi)__m1, (__v8qi)__m2);
           ^~~~~~~~~~~~~~~~~~~~~~~~~~~~~~~~~~~~~~~~~~~~~~~~~~~~~~~~~~~
/Applications/Xcode.app/Contents/Developer/Toolchains/XcodeDefault.xctoolchain/usr/lib/clang/15.0.0/include/mmintrin.h:243:12: error: invalid conversion between vector type '__m64' (vector of 1 'long long' value) and integer type 'int' of different size
    return (__m64)__builtin_ia32_punpckhwd((__v4hi)__m1, (__v4hi)__m2);
           ^~~~~~~~~~~~~~~~~~~~~~~~~~~~~~~~~~~~~~~~~~~~~~~~~~~~~~~~~~~
/Applications/Xcode.app/Contents/Developer/Toolchains/XcodeDefault.xctoolchain/usr/lib/clang/15.0.0/include/mmintrin.h:264:12: error: invalid conversion between vector type '__m64' (vector of 1 'long long' value) and integer type 'int' of different size
    return (__m64)__builtin_ia32_punpckhdq((__v2si)__m1, (__v2si)__m2);
           ^~~~~~~~~~~~~~~~~~~~~~~~~~~~~~~~~~~~~~~~~~~~~~~~~~~~~~~~~~~
/Applications/Xcode.app/Contents/Developer/Toolchains/XcodeDefault.xctoolchain/usr/lib/clang/15.0.0/include/mmintrin.h:291:12: error: invalid conversion between vector type '__m64' (vector of 1 'long long' value) and integer type 'int' of different size
    return (__m64)__builtin_ia32_punpcklbw((__v8qi)__m1, (__v8qi)__m2);
           ^~~~~~~~~~~~~~~~~~~~~~~~~~~~~~~~~~~~~~~~~~~~~~~~~~~~~~~~~~~
/Applications/Xcode.app/Contents/Developer/Toolchains/XcodeDefault.xctoolchain/usr/lib/clang/15.0.0/include/mmintrin.h:314:12: error: invalid conversion between vector type '__m64' (vector of 1 'long long' value) and integer type 'int' of different size
    return (__m64)__builtin_ia32_punpcklwd((__v4hi)__m1, (__v4hi)__m2);
           ^~~~~~~~~~~~~~~~~~~~~~~~~~~~~~~~~~~~~~~~~~~~~~~~~~~~~~~~~~~
/Applications/Xcode.app/Contents/Developer/Toolchains/XcodeDefault.xctoolchain/usr/lib/clang/15.0.0/include/mmintrin.h:335:12: error: invalid conversion between vector type '__m64' (vector of 1 'long long' value) and integer type 'int' of different size
    return (__m64)__builtin_ia32_punpckldq((__v2si)__m1, (__v2si)__m2);
           ^~~~~~~~~~~~~~~~~~~~~~~~~~~~~~~~~~~~~~~~~~~~~~~~~~~~~~~~~~~
/Applications/Xcode.app/Contents/Developer/Toolchains/XcodeDefault.xctoolchain/usr/lib/clang/15.0.0/include/mmintrin.h:356:12: error: invalid conversion between vector type '__m64' (vector of 1 'long long' value) and integer type 'int' of different size
    return (__m64)__builtin_ia32_paddb((__v8qi)__m1, (__v8qi)__m2);
           ^~~~~~~~~~~~~~~~~~~~~~~~~~~~~~~~~~~~~~~~~~~~~~~~~~~~~~~
/Applications/Xcode.app/Contents/Developer/Toolchains/XcodeDefault.xctoolchain/usr/lib/clang/15.0.0/include/mmintrin.h:377:12: error: invalid conversion between vector type '__m64' (vector of 1 'long long' value) and integer type 'int' of different size
    return (__m64)__builtin_ia32_paddw((__v4hi)__m1, (__v4hi)__m2);
           ^~~~~~~~~~~~~~~~~~~~~~~~~~~~~~~~~~~~~~~~~~~~~~~~~~~~~~~
/Applications/Xcode.app/Contents/Developer/Toolchains/XcodeDefault.xctoolchain/usr/lib/clang/15.0.0/include/mmintrin.h:398:12: error: invalid conversion between vector type '__m64' (vector of 1 'long long' value) and integer type 'int' of different size
    return (__m64)__builtin_ia32_paddd((__v2si)__m1, (__v2si)__m2);
           ^~~~~~~~~~~~~~~~~~~~~~~~~~~~~~~~~~~~~~~~~~~~~~~~~~~~~~~
/Applications/Xcode.app/Contents/Developer/Toolchains/XcodeDefault.xctoolchain/usr/lib/clang/15.0.0/include/mmintrin.h:420:12: error: invalid conversion between vector type '__m64' (vector of 1 'long long' value) and integer type 'int' of different size
    return (__m64)__builtin_ia32_paddsb((__v8qi)__m1, (__v8qi)__m2);
           ^~~~~~~~~~~~~~~~~~~~~~~~~~~~~~~~~~~~~~~~~~~~~~~~~~~~~~~~
/Applications/Xcode.app/Contents/Developer/Toolchains/XcodeDefault.xctoolchain/usr/lib/clang/15.0.0/include/mmintrin.h:443:12: error: invalid conversion between vector type '__m64' (vector of 1 'long long' value) and integer type 'int' of different size
    return (__m64)__builtin_ia32_paddsw((__v4hi)__m1, (__v4hi)__m2);
           ^~~~~~~~~~~~~~~~~~~~~~~~~~~~~~~~~~~~~~~~~~~~~~~~~~~~~~~~
/Applications/Xcode.app/Contents/Developer/Toolchains/XcodeDefault.xctoolchain/usr/lib/clang/15.0.0/include/mmintrin.h:465:12: error: invalid conversion between vector type '__m64' (vector of 1 'long long' value) and integer type 'int' of different size
    return (__m64)__builtin_ia32_paddusb((__v8qi)__m1, (__v8qi)__m2);
           ^~~~~~~~~~~~~~~~~~~~~~~~~~~~~~~~~~~~~~~~~~~~~~~~~~~~~~~~~
fatal error: too many errors emitted, stopping now [-ferror-limit=]
20 errors generated.
ninja: build stopped: subcommand failed.



Performing C SOURCE FILE Test HAVE_ALTIVEC_H_HDR failed with the following output:
Change Dir: /Users/rudolfvrbensky/Documents/Programing/C/XSUIlib/build/CMakeFiles/CMakeScratch/TryCompile-14GvUk

Run Build Command(s):/Applications/CLion.app/Contents/bin/ninja/mac/ninja cmTC_aa848 && [1/2] Building C object CMakeFiles/cmTC_aa848.dir/Debug/src.c.o
FAILED: CMakeFiles/cmTC_aa848.dir/Debug/src.c.o 
/Applications/Xcode.app/Contents/Developer/Toolchains/XcodeDefault.xctoolchain/usr/bin/cc -DHAVE_ALTIVEC_H_HDR -DCMAKE_INTDIR=\"Debug\"  -idirafter "/Users/rudolfvrbensky/Documents/Programing/C/XSUIlib/external/SDL2/src/video/khronos" -maltivec -g -arch arm64 -isysroot /Applications/Xcode.app/Contents/Developer/Platforms/MacOSX.platform/Developer/SDKs/MacOSX14.0.sdk -mmacosx-version-min=13.5 -fcolor-diagnostics -MD -MT CMakeFiles/cmTC_aa848.dir/Debug/src.c.o -MF CMakeFiles/cmTC_aa848.dir/Debug/src.c.o.d -o CMakeFiles/cmTC_aa848.dir/Debug/src.c.o -c /Users/rudolfvrbensky/Documents/Programing/C/XSUIlib/build/CMakeFiles/CMakeScratch/TryCompile-14GvUk/src.c
clang: warning: argument unused during compilation: '-maltivec' [-Wunused-command-line-argument]
In file included from /Users/rudolfvrbensky/Documents/Programing/C/XSUIlib/build/CMakeFiles/CMakeScratch/TryCompile-14GvUk/src.c:2:
/Applications/Xcode.app/Contents/Developer/Toolchains/XcodeDefault.xctoolchain/usr/lib/clang/15.0.0/include/altivec.h:13:2: error: "AltiVec support not enabled"
#error "AltiVec support not enabled"
 ^
/Applications/Xcode.app/Contents/Developer/Toolchains/XcodeDefault.xctoolchain/usr/lib/clang/15.0.0/include/altivec.h:50:19: error: unknown type name 'vector'
static __inline__ vector signed char __ATTRS_o_ai vec_perm(
                  ^
/Applications/Xcode.app/Contents/Developer/Toolchains/XcodeDefault.xctoolchain/usr/lib/clang/15.0.0/include/altivec.h:51:5: error: unknown type name 'vector'
    vector signed char __a, vector signed char __b, vector unsigned char __c);
    ^
/Applications/Xcode.app/Contents/Developer/Toolchains/XcodeDefault.xctoolchain/usr/lib/clang/15.0.0/include/altivec.h:51:29: error: unknown type name 'vector'
    vector signed char __a, vector signed char __b, vector unsigned char __c);
                            ^
/Applications/Xcode.app/Contents/Developer/Toolchains/XcodeDefault.xctoolchain/usr/lib/clang/15.0.0/include/altivec.h:51:53: error: unknown type name 'vector'
    vector signed char __a, vector signed char __b, vector unsigned char __c);
                                                    ^
/Applications/Xcode.app/Contents/Developer/Toolchains/XcodeDefault.xctoolchain/usr/lib/clang/15.0.0/include/altivec.h:53:19: error: unknown type name 'vector'
static __inline__ vector unsigned char __ATTRS_o_ai
                  ^
/Applications/Xcode.app/Contents/Developer/Toolchains/XcodeDefault.xctoolchain/usr/lib/clang/15.0.0/include/altivec.h:54:10: error: unknown type name 'vector'
vec_perm(vector unsigned char __a, vector unsigned char __b,
         ^
/Applications/Xcode.app/Contents/Developer/Toolchains/XcodeDefault.xctoolchain/usr/lib/clang/15.0.0/include/altivec.h:54:36: error: unknown type name 'vector'
vec_perm(vector unsigned char __a, vector unsigned char __b,
                                   ^
/Applications/Xcode.app/Contents/Developer/Toolchains/XcodeDefault.xctoolchain/usr/lib/clang/15.0.0/include/altivec.h:55:10: error: unknown type name 'vector'
         vector unsigned char __c);
         ^
/Applications/Xcode.app/Contents/Developer/Toolchains/XcodeDefault.xctoolchain/usr/lib/clang/15.0.0/include/altivec.h:57:19: error: unknown type name 'vector'
static __inline__ vector bool char __ATTRS_o_ai
                  ^
/Applications/Xcode.app/Contents/Developer/Toolchains/XcodeDefault.xctoolchain/usr/lib/clang/15.0.0/include/altivec.h:57:8: error: 'inline' can only appear on functions
static __inline__ vector bool char __ATTRS_o_ai
       ^
/Applications/Xcode.app/Contents/Developer/Toolchains/XcodeDefault.xctoolchain/usr/lib/clang/15.0.0/include/altivec.h:57:30: error: expected ';' after top level declarator
static __inline__ vector bool char __ATTRS_o_ai
                             ^
/Applications/Xcode.app/Contents/Developer/Toolchains/XcodeDefault.xctoolchain/usr/lib/clang/15.0.0/include/altivec.h:58:10: error: unknown type name 'vector'
vec_perm(vector bool char __a, vector bool char __b, vector unsigned char __c);
         ^
/Applications/Xcode.app/Contents/Developer/Toolchains/XcodeDefault.xctoolchain/usr/lib/clang/15.0.0/include/altivec.h:58:22: error: expected ')'
vec_perm(vector bool char __a, vector bool char __b, vector unsigned char __c);
                     ^
/Applications/Xcode.app/Contents/Developer/Toolchains/XcodeDefault.xctoolchain/usr/lib/clang/15.0.0/include/altivec.h:58:9: note: to match this '('
vec_perm(vector bool char __a, vector bool char __b, vector unsigned char __c);
        ^
/Applications/Xcode.app/Contents/Developer/Toolchains/XcodeDefault.xctoolchain/usr/lib/clang/15.0.0/include/altivec.h:60:19: error: unknown type name 'vector'
static __inline__ vector short __ATTRS_o_ai vec_perm(vector signed short __a,
                  ^
/Applications/Xcode.app/Contents/Developer/Toolchains/XcodeDefault.xctoolchain/usr/lib/clang/15.0.0/include/altivec.h:60:54: error: unknown type name 'vector'
static __inline__ vector short __ATTRS_o_ai vec_perm(vector signed short __a,
                                                     ^
/Applications/Xcode.app/Contents/Developer/Toolchains/XcodeDefault.xctoolchain/usr/lib/clang/15.0.0/include/altivec.h:61:54: error: unknown type name 'vector'
                                                     vector signed short __b,
                                                     ^
/Applications/Xcode.app/Contents/Developer/Toolchains/XcodeDefault.xctoolchain/usr/lib/clang/15.0.0/include/altivec.h:62:54: error: unknown type name 'vector'
                                                     vector unsigned char __c);
                                                     ^
/Applications/Xcode.app/Contents/Developer/Toolchains/XcodeDefault.xctoolchain/usr/lib/clang/15.0.0/include/altivec.h:64:19: error: unknown type name 'vector'
static __inline__ vector unsigned short __ATTRS_o_ai
                  ^
fatal error: too many errors emitted, stopping now [-ferror-limit=]
20 errors generated.
ninja: build stopped: subcommand failed.


Source file was:

          #include <altivec.h>
          vector unsigned int vzero() {
              return vec_splat_u32(0);
          }
          int main(int argc, char **argv) { return 0; }

Performing C SOURCE FILE Test CPU_SUPPORTS_ALTIVEC failed with the following output:
Change Dir: /Users/rudolfvrbensky/Documents/Programing/C/XSUIlib/build/CMakeFiles/CMakeScratch/TryCompile-tzayPb

Run Build Command(s):/Applications/CLion.app/Contents/bin/ninja/mac/ninja cmTC_dff0e && [1/2] Building C object CMakeFiles/cmTC_dff0e.dir/Debug/src.c.o
FAILED: CMakeFiles/cmTC_dff0e.dir/Debug/src.c.o 
/Applications/Xcode.app/Contents/Developer/Toolchains/XcodeDefault.xctoolchain/usr/bin/cc -DCPU_SUPPORTS_ALTIVEC -DCMAKE_INTDIR=\"Debug\"  -idirafter "/Users/rudolfvrbensky/Documents/Programing/C/XSUIlib/external/SDL2/src/video/khronos" -maltivec -g -arch arm64 -isysroot /Applications/Xcode.app/Contents/Developer/Platforms/MacOSX.platform/Developer/SDKs/MacOSX14.0.sdk -mmacosx-version-min=13.5 -fcolor-diagnostics -MD -MT CMakeFiles/cmTC_dff0e.dir/Debug/src.c.o -MF CMakeFiles/cmTC_dff0e.dir/Debug/src.c.o.d -o CMakeFiles/cmTC_dff0e.dir/Debug/src.c.o -c /Users/rudolfvrbensky/Documents/Programing/C/XSUIlib/build/CMakeFiles/CMakeScratch/TryCompile-tzayPb/src.c
clang: warning: argument unused during compilation: '-maltivec' [-Wunused-command-line-argument]
/Users/rudolfvrbensky/Documents/Programing/C/XSUIlib/build/CMakeFiles/CMakeScratch/TryCompile-tzayPb/src.c:2:11: error: unknown type name 'vector'
          vector unsigned int vzero() {
          ^
/Users/rudolfvrbensky/Documents/Programing/C/XSUIlib/build/CMakeFiles/CMakeScratch/TryCompile-tzayPb/src.c:3:22: error: call to undeclared function 'vec_splat_u32'; ISO C99 and later do not support implicit function declarations [-Wimplicit-function-declaration]
              return vec_splat_u32(0);
                     ^
2 errors generated.
ninja: build stopped: subcommand failed.


Source file was:

          vector unsigned int vzero() {
              return vec_splat_u32(0);
          }
          int main(int argc, char **argv) { return 0; }

Determining if the include file malloc.h exists failed with the following output:
Change Dir: /Users/rudolfvrbensky/Documents/Programing/C/XSUIlib/build/CMakeFiles/CMakeScratch/TryCompile-X1EXq3

Run Build Command(s):/Applications/CLion.app/Contents/bin/ninja/mac/ninja cmTC_56be7 && [1/2] Building C object CMakeFiles/cmTC_56be7.dir/Debug/CheckIncludeFile.c.o
FAILED: CMakeFiles/cmTC_56be7.dir/Debug/CheckIncludeFile.c.o 
/Applications/Xcode.app/Contents/Developer/Toolchains/XcodeDefault.xctoolchain/usr/bin/cc -DCMAKE_INTDIR=\"Debug\"  -idirafter "/Users/rudolfvrbensky/Documents/Programing/C/XSUIlib/external/SDL2/src/video/khronos"  -D_GNU_SOURCE=1 -g -arch arm64 -isysroot /Applications/Xcode.app/Contents/Developer/Platforms/MacOSX.platform/Developer/SDKs/MacOSX14.0.sdk -mmacosx-version-min=13.5 -fcolor-diagnostics -MD -MT CMakeFiles/cmTC_56be7.dir/Debug/CheckIncludeFile.c.o -MF CMakeFiles/cmTC_56be7.dir/Debug/CheckIncludeFile.c.o.d -o CMakeFiles/cmTC_56be7.dir/Debug/CheckIncludeFile.c.o -c /Users/rudolfvrbensky/Documents/Programing/C/XSUIlib/build/CMakeFiles/CMakeScratch/TryCompile-X1EXq3/CheckIncludeFile.c
/Users/rudolfvrbensky/Documents/Programing/C/XSUIlib/build/CMakeFiles/CMakeScratch/TryCompile-X1EXq3/CheckIncludeFile.c:1:10: fatal error: 'malloc.h' file not found
#include <malloc.h>
         ^~~~~~~~~~
1 error generated.
ninja: build stopped: subcommand failed.



Determining if the include file linux/input.h exists failed with the following output:
Change Dir: /Users/rudolfvrbensky/Documents/Programing/C/XSUIlib/build/CMakeFiles/CMakeScratch/TryCompile-CabQRN

Run Build Command(s):/Applications/CLion.app/Contents/bin/ninja/mac/ninja cmTC_e06aa && [1/2] Building C object CMakeFiles/cmTC_e06aa.dir/Debug/CheckIncludeFile.c.o
FAILED: CMakeFiles/cmTC_e06aa.dir/Debug/CheckIncludeFile.c.o 
/Applications/Xcode.app/Contents/Developer/Toolchains/XcodeDefault.xctoolchain/usr/bin/cc -DCMAKE_INTDIR=\"Debug\"  -idirafter "/Users/rudolfvrbensky/Documents/Programing/C/XSUIlib/external/SDL2/src/video/khronos"  -D_GNU_SOURCE=1 -g -arch arm64 -isysroot /Applications/Xcode.app/Contents/Developer/Platforms/MacOSX.platform/Developer/SDKs/MacOSX14.0.sdk -mmacosx-version-min=13.5 -fcolor-diagnostics -MD -MT CMakeFiles/cmTC_e06aa.dir/Debug/CheckIncludeFile.c.o -MF CMakeFiles/cmTC_e06aa.dir/Debug/CheckIncludeFile.c.o.d -o CMakeFiles/cmTC_e06aa.dir/Debug/CheckIncludeFile.c.o -c /Users/rudolfvrbensky/Documents/Programing/C/XSUIlib/build/CMakeFiles/CMakeScratch/TryCompile-CabQRN/CheckIncludeFile.c
/Users/rudolfvrbensky/Documents/Programing/C/XSUIlib/build/CMakeFiles/CMakeScratch/TryCompile-CabQRN/CheckIncludeFile.c:1:10: fatal error: 'linux/input.h' file not found
#include <linux/input.h>
         ^~~~~~~~~~~~~~~
1 error generated.
ninja: build stopped: subcommand failed.



Determining if the _strrev exist failed with the following output:
Change Dir: /Users/rudolfvrbensky/Documents/Programing/C/XSUIlib/build/CMakeFiles/CMakeScratch/TryCompile-Q5ryk9

Run Build Command(s):/Applications/CLion.app/Contents/bin/ninja/mac/ninja cmTC_9215f && [1/2] Building C object CMakeFiles/cmTC_9215f.dir/Debug/CheckSymbolExists.c.o
FAILED: CMakeFiles/cmTC_9215f.dir/Debug/CheckSymbolExists.c.o 
/Applications/Xcode.app/Contents/Developer/Toolchains/XcodeDefault.xctoolchain/usr/bin/cc -DCMAKE_INTDIR=\"Debug\"  -idirafter "/Users/rudolfvrbensky/Documents/Programing/C/XSUIlib/external/SDL2/src/video/khronos"  -D_GNU_SOURCE=1 -g -arch arm64 -isysroot /Applications/Xcode.app/Contents/Developer/Platforms/MacOSX.platform/Developer/SDKs/MacOSX14.0.sdk -mmacosx-version-min=13.5 -fcolor-diagnostics -MD -MT CMakeFiles/cmTC_9215f.dir/Debug/CheckSymbolExists.c.o -MF CMakeFiles/cmTC_9215f.dir/Debug/CheckSymbolExists.c.o.d -o CMakeFiles/cmTC_9215f.dir/Debug/CheckSymbolExists.c.o -c /Users/rudolfvrbensky/Documents/Programing/C/XSUIlib/build/CMakeFiles/CMakeScratch/TryCompile-Q5ryk9/CheckSymbolExists.c
/Users/rudolfvrbensky/Documents/Programing/C/XSUIlib/build/CMakeFiles/CMakeScratch/TryCompile-Q5ryk9/CheckSymbolExists.c:14:19: error: use of undeclared identifier '_strrev'
  return ((int*)(&_strrev))[argc];
                  ^
1 error generated.
ninja: build stopped: subcommand failed.


File CheckSymbolExists.c:
/* */
#include <stddef.h>
#include <stdarg.h>
#include <stdlib.h>
#include <string.h>
#include <stdio.h>
#include <wchar.h>
#include <float.h>

int main(int argc, char** argv)
{
  (void)argv;
#ifndef _strrev
  return ((int*)(&_strrev))[argc];
#else
  (void)argc;
  return 0;
#endif
}

Determining if the _strupr exist failed with the following output:
Change Dir: /Users/rudolfvrbensky/Documents/Programing/C/XSUIlib/build/CMakeFiles/CMakeScratch/TryCompile-Nw8ilf

Run Build Command(s):/Applications/CLion.app/Contents/bin/ninja/mac/ninja cmTC_2288a && [1/2] Building C object CMakeFiles/cmTC_2288a.dir/Debug/CheckSymbolExists.c.o
FAILED: CMakeFiles/cmTC_2288a.dir/Debug/CheckSymbolExists.c.o 
/Applications/Xcode.app/Contents/Developer/Toolchains/XcodeDefault.xctoolchain/usr/bin/cc -DCMAKE_INTDIR=\"Debug\"  -idirafter "/Users/rudolfvrbensky/Documents/Programing/C/XSUIlib/external/SDL2/src/video/khronos"  -D_GNU_SOURCE=1 -g -arch arm64 -isysroot /Applications/Xcode.app/Contents/Developer/Platforms/MacOSX.platform/Developer/SDKs/MacOSX14.0.sdk -mmacosx-version-min=13.5 -fcolor-diagnostics -MD -MT CMakeFiles/cmTC_2288a.dir/Debug/CheckSymbolExists.c.o -MF CMakeFiles/cmTC_2288a.dir/Debug/CheckSymbolExists.c.o.d -o CMakeFiles/cmTC_2288a.dir/Debug/CheckSymbolExists.c.o -c /Users/rudolfvrbensky/Documents/Programing/C/XSUIlib/build/CMakeFiles/CMakeScratch/TryCompile-Nw8ilf/CheckSymbolExists.c
/Users/rudolfvrbensky/Documents/Programing/C/XSUIlib/build/CMakeFiles/CMakeScratch/TryCompile-Nw8ilf/CheckSymbolExists.c:14:19: error: use of undeclared identifier '_strupr'
  return ((int*)(&_strupr))[argc];
                  ^
1 error generated.
ninja: build stopped: subcommand failed.


File CheckSymbolExists.c:
/* */
#include <stddef.h>
#include <stdarg.h>
#include <stdlib.h>
#include <string.h>
#include <stdio.h>
#include <wchar.h>
#include <float.h>

int main(int argc, char** argv)
{
  (void)argv;
#ifndef _strupr
  return ((int*)(&_strupr))[argc];
#else
  (void)argc;
  return 0;
#endif
}

Determining if the _strlwr exist failed with the following output:
Change Dir: /Users/rudolfvrbensky/Documents/Programing/C/XSUIlib/build/CMakeFiles/CMakeScratch/TryCompile-D8V7HY

Run Build Command(s):/Applications/CLion.app/Contents/bin/ninja/mac/ninja cmTC_da309 && [1/2] Building C object CMakeFiles/cmTC_da309.dir/Debug/CheckSymbolExists.c.o
FAILED: CMakeFiles/cmTC_da309.dir/Debug/CheckSymbolExists.c.o 
/Applications/Xcode.app/Contents/Developer/Toolchains/XcodeDefault.xctoolchain/usr/bin/cc -DCMAKE_INTDIR=\"Debug\"  -idirafter "/Users/rudolfvrbensky/Documents/Programing/C/XSUIlib/external/SDL2/src/video/khronos"  -D_GNU_SOURCE=1 -g -arch arm64 -isysroot /Applications/Xcode.app/Contents/Developer/Platforms/MacOSX.platform/Developer/SDKs/MacOSX14.0.sdk -mmacosx-version-min=13.5 -fcolor-diagnostics -MD -MT CMakeFiles/cmTC_da309.dir/Debug/CheckSymbolExists.c.o -MF CMakeFiles/cmTC_da309.dir/Debug/CheckSymbolExists.c.o.d -o CMakeFiles/cmTC_da309.dir/Debug/CheckSymbolExists.c.o -c /Users/rudolfvrbensky/Documents/Programing/C/XSUIlib/build/CMakeFiles/CMakeScratch/TryCompile-D8V7HY/CheckSymbolExists.c
/Users/rudolfvrbensky/Documents/Programing/C/XSUIlib/build/CMakeFiles/CMakeScratch/TryCompile-D8V7HY/CheckSymbolExists.c:14:19: error: use of undeclared identifier '_strlwr'
  return ((int*)(&_strlwr))[argc];
                  ^
1 error generated.
ninja: build stopped: subcommand failed.


File CheckSymbolExists.c:
/* */
#include <stddef.h>
#include <stdarg.h>
#include <stdlib.h>
#include <string.h>
#include <stdio.h>
#include <wchar.h>
#include <float.h>

int main(int argc, char** argv)
{
  (void)argv;
#ifndef _strlwr
  return ((int*)(&_strlwr))[argc];
#else
  (void)argc;
  return 0;
#endif
}

Determining if the itoa exist failed with the following output:
Change Dir: /Users/rudolfvrbensky/Documents/Programing/C/XSUIlib/build/CMakeFiles/CMakeScratch/TryCompile-b8rvAE

Run Build Command(s):/Applications/CLion.app/Contents/bin/ninja/mac/ninja cmTC_b8c09 && [1/2] Building C object CMakeFiles/cmTC_b8c09.dir/Debug/CheckSymbolExists.c.o
FAILED: CMakeFiles/cmTC_b8c09.dir/Debug/CheckSymbolExists.c.o 
/Applications/Xcode.app/Contents/Developer/Toolchains/XcodeDefault.xctoolchain/usr/bin/cc -DCMAKE_INTDIR=\"Debug\"  -idirafter "/Users/rudolfvrbensky/Documents/Programing/C/XSUIlib/external/SDL2/src/video/khronos"  -D_GNU_SOURCE=1 -g -arch arm64 -isysroot /Applications/Xcode.app/Contents/Developer/Platforms/MacOSX.platform/Developer/SDKs/MacOSX14.0.sdk -mmacosx-version-min=13.5 -fcolor-diagnostics -MD -MT CMakeFiles/cmTC_b8c09.dir/Debug/CheckSymbolExists.c.o -MF CMakeFiles/cmTC_b8c09.dir/Debug/CheckSymbolExists.c.o.d -o CMakeFiles/cmTC_b8c09.dir/Debug/CheckSymbolExists.c.o -c /Users/rudolfvrbensky/Documents/Programing/C/XSUIlib/build/CMakeFiles/CMakeScratch/TryCompile-b8rvAE/CheckSymbolExists.c
/Users/rudolfvrbensky/Documents/Programing/C/XSUIlib/build/CMakeFiles/CMakeScratch/TryCompile-b8rvAE/CheckSymbolExists.c:14:19: error: use of undeclared identifier 'itoa'
  return ((int*)(&itoa))[argc];
                  ^
1 error generated.
ninja: build stopped: subcommand failed.


File CheckSymbolExists.c:
/* */
#include <stddef.h>
#include <stdarg.h>
#include <stdlib.h>
#include <string.h>
#include <stdio.h>
#include <wchar.h>
#include <float.h>

int main(int argc, char** argv)
{
  (void)argv;
#ifndef itoa
  return ((int*)(&itoa))[argc];
#else
  (void)argc;
  return 0;
#endif
}

Determining if the _ltoa exist failed with the following output:
Change Dir: /Users/rudolfvrbensky/Documents/Programing/C/XSUIlib/build/CMakeFiles/CMakeScratch/TryCompile-hwPNqQ

Run Build Command(s):/Applications/CLion.app/Contents/bin/ninja/mac/ninja cmTC_5b8bb && [1/2] Building C object CMakeFiles/cmTC_5b8bb.dir/Debug/CheckSymbolExists.c.o
FAILED: CMakeFiles/cmTC_5b8bb.dir/Debug/CheckSymbolExists.c.o 
/Applications/Xcode.app/Contents/Developer/Toolchains/XcodeDefault.xctoolchain/usr/bin/cc -DCMAKE_INTDIR=\"Debug\"  -idirafter "/Users/rudolfvrbensky/Documents/Programing/C/XSUIlib/external/SDL2/src/video/khronos"  -D_GNU_SOURCE=1 -g -arch arm64 -isysroot /Applications/Xcode.app/Contents/Developer/Platforms/MacOSX.platform/Developer/SDKs/MacOSX14.0.sdk -mmacosx-version-min=13.5 -fcolor-diagnostics -MD -MT CMakeFiles/cmTC_5b8bb.dir/Debug/CheckSymbolExists.c.o -MF CMakeFiles/cmTC_5b8bb.dir/Debug/CheckSymbolExists.c.o.d -o CMakeFiles/cmTC_5b8bb.dir/Debug/CheckSymbolExists.c.o -c /Users/rudolfvrbensky/Documents/Programing/C/XSUIlib/build/CMakeFiles/CMakeScratch/TryCompile-hwPNqQ/CheckSymbolExists.c
/Users/rudolfvrbensky/Documents/Programing/C/XSUIlib/build/CMakeFiles/CMakeScratch/TryCompile-hwPNqQ/CheckSymbolExists.c:14:19: error: use of undeclared identifier '_ltoa'
  return ((int*)(&_ltoa))[argc];
                  ^
1 error generated.
ninja: build stopped: subcommand failed.


File CheckSymbolExists.c:
/* */
#include <stddef.h>
#include <stdarg.h>
#include <stdlib.h>
#include <string.h>
#include <stdio.h>
#include <wchar.h>
#include <float.h>

int main(int argc, char** argv)
{
  (void)argv;
#ifndef _ltoa
  return ((int*)(&_ltoa))[argc];
#else
  (void)argc;
  return 0;
#endif
}

Determining if the _uitoa exist failed with the following output:
Change Dir: /Users/rudolfvrbensky/Documents/Programing/C/XSUIlib/build/CMakeFiles/CMakeScratch/TryCompile-BaCXzd

Run Build Command(s):/Applications/CLion.app/Contents/bin/ninja/mac/ninja cmTC_59ac3 && [1/2] Building C object CMakeFiles/cmTC_59ac3.dir/Debug/CheckSymbolExists.c.o
FAILED: CMakeFiles/cmTC_59ac3.dir/Debug/CheckSymbolExists.c.o 
/Applications/Xcode.app/Contents/Developer/Toolchains/XcodeDefault.xctoolchain/usr/bin/cc -DCMAKE_INTDIR=\"Debug\"  -idirafter "/Users/rudolfvrbensky/Documents/Programing/C/XSUIlib/external/SDL2/src/video/khronos"  -D_GNU_SOURCE=1 -g -arch arm64 -isysroot /Applications/Xcode.app/Contents/Developer/Platforms/MacOSX.platform/Developer/SDKs/MacOSX14.0.sdk -mmacosx-version-min=13.5 -fcolor-diagnostics -MD -MT CMakeFiles/cmTC_59ac3.dir/Debug/CheckSymbolExists.c.o -MF CMakeFiles/cmTC_59ac3.dir/Debug/CheckSymbolExists.c.o.d -o CMakeFiles/cmTC_59ac3.dir/Debug/CheckSymbolExists.c.o -c /Users/rudolfvrbensky/Documents/Programing/C/XSUIlib/build/CMakeFiles/CMakeScratch/TryCompile-BaCXzd/CheckSymbolExists.c
/Users/rudolfvrbensky/Documents/Programing/C/XSUIlib/build/CMakeFiles/CMakeScratch/TryCompile-BaCXzd/CheckSymbolExists.c:14:19: error: use of undeclared identifier '_uitoa'
  return ((int*)(&_uitoa))[argc];
                  ^
1 error generated.
ninja: build stopped: subcommand failed.


File CheckSymbolExists.c:
/* */
#include <stddef.h>
#include <stdarg.h>
#include <stdlib.h>
#include <string.h>
#include <stdio.h>
#include <wchar.h>
#include <float.h>

int main(int argc, char** argv)
{
  (void)argv;
#ifndef _uitoa
  return ((int*)(&_uitoa))[argc];
#else
  (void)argc;
  return 0;
#endif
}

Determining if the _ultoa exist failed with the following output:
Change Dir: /Users/rudolfvrbensky/Documents/Programing/C/XSUIlib/build/CMakeFiles/CMakeScratch/TryCompile-Z8QWwR

Run Build Command(s):/Applications/CLion.app/Contents/bin/ninja/mac/ninja cmTC_c90a6 && [1/2] Building C object CMakeFiles/cmTC_c90a6.dir/Debug/CheckSymbolExists.c.o
FAILED: CMakeFiles/cmTC_c90a6.dir/Debug/CheckSymbolExists.c.o 
/Applications/Xcode.app/Contents/Developer/Toolchains/XcodeDefault.xctoolchain/usr/bin/cc -DCMAKE_INTDIR=\"Debug\"  -idirafter "/Users/rudolfvrbensky/Documents/Programing/C/XSUIlib/external/SDL2/src/video/khronos"  -D_GNU_SOURCE=1 -g -arch arm64 -isysroot /Applications/Xcode.app/Contents/Developer/Platforms/MacOSX.platform/Developer/SDKs/MacOSX14.0.sdk -mmacosx-version-min=13.5 -fcolor-diagnostics -MD -MT CMakeFiles/cmTC_c90a6.dir/Debug/CheckSymbolExists.c.o -MF CMakeFiles/cmTC_c90a6.dir/Debug/CheckSymbolExists.c.o.d -o CMakeFiles/cmTC_c90a6.dir/Debug/CheckSymbolExists.c.o -c /Users/rudolfvrbensky/Documents/Programing/C/XSUIlib/build/CMakeFiles/CMakeScratch/TryCompile-Z8QWwR/CheckSymbolExists.c
/Users/rudolfvrbensky/Documents/Programing/C/XSUIlib/build/CMakeFiles/CMakeScratch/TryCompile-Z8QWwR/CheckSymbolExists.c:14:19: error: use of undeclared identifier '_ultoa'
  return ((int*)(&_ultoa))[argc];
                  ^
1 error generated.
ninja: build stopped: subcommand failed.


File CheckSymbolExists.c:
/* */
#include <stddef.h>
#include <stdarg.h>
#include <stdlib.h>
#include <string.h>
#include <stdio.h>
#include <wchar.h>
#include <float.h>

int main(int argc, char** argv)
{
  (void)argv;
#ifndef _ultoa
  return ((int*)(&_ultoa))[argc];
#else
  (void)argc;
  return 0;
#endif
}

Determining if the _i64toa exist failed with the following output:
Change Dir: /Users/rudolfvrbensky/Documents/Programing/C/XSUIlib/build/CMakeFiles/CMakeScratch/TryCompile-RVojrP

Run Build Command(s):/Applications/CLion.app/Contents/bin/ninja/mac/ninja cmTC_52006 && [1/2] Building C object CMakeFiles/cmTC_52006.dir/Debug/CheckSymbolExists.c.o
FAILED: CMakeFiles/cmTC_52006.dir/Debug/CheckSymbolExists.c.o 
/Applications/Xcode.app/Contents/Developer/Toolchains/XcodeDefault.xctoolchain/usr/bin/cc -DCMAKE_INTDIR=\"Debug\"  -idirafter "/Users/rudolfvrbensky/Documents/Programing/C/XSUIlib/external/SDL2/src/video/khronos"  -D_GNU_SOURCE=1 -g -arch arm64 -isysroot /Applications/Xcode.app/Contents/Developer/Platforms/MacOSX.platform/Developer/SDKs/MacOSX14.0.sdk -mmacosx-version-min=13.5 -fcolor-diagnostics -MD -MT CMakeFiles/cmTC_52006.dir/Debug/CheckSymbolExists.c.o -MF CMakeFiles/cmTC_52006.dir/Debug/CheckSymbolExists.c.o.d -o CMakeFiles/cmTC_52006.dir/Debug/CheckSymbolExists.c.o -c /Users/rudolfvrbensky/Documents/Programing/C/XSUIlib/build/CMakeFiles/CMakeScratch/TryCompile-RVojrP/CheckSymbolExists.c
/Users/rudolfvrbensky/Documents/Programing/C/XSUIlib/build/CMakeFiles/CMakeScratch/TryCompile-RVojrP/CheckSymbolExists.c:14:19: error: use of undeclared identifier '_i64toa'
  return ((int*)(&_i64toa))[argc];
                  ^
1 error generated.
ninja: build stopped: subcommand failed.


File CheckSymbolExists.c:
/* */
#include <stddef.h>
#include <stdarg.h>
#include <stdlib.h>
#include <string.h>
#include <stdio.h>
#include <wchar.h>
#include <float.h>

int main(int argc, char** argv)
{
  (void)argv;
#ifndef _i64toa
  return ((int*)(&_i64toa))[argc];
#else
  (void)argc;
  return 0;
#endif
}

Determining if the _ui64toa exist failed with the following output:
Change Dir: /Users/rudolfvrbensky/Documents/Programing/C/XSUIlib/build/CMakeFiles/CMakeScratch/TryCompile-PzZU6t

Run Build Command(s):/Applications/CLion.app/Contents/bin/ninja/mac/ninja cmTC_05dd2 && [1/2] Building C object CMakeFiles/cmTC_05dd2.dir/Debug/CheckSymbolExists.c.o
FAILED: CMakeFiles/cmTC_05dd2.dir/Debug/CheckSymbolExists.c.o 
/Applications/Xcode.app/Contents/Developer/Toolchains/XcodeDefault.xctoolchain/usr/bin/cc -DCMAKE_INTDIR=\"Debug\"  -idirafter "/Users/rudolfvrbensky/Documents/Programing/C/XSUIlib/external/SDL2/src/video/khronos"  -D_GNU_SOURCE=1 -g -arch arm64 -isysroot /Applications/Xcode.app/Contents/Developer/Platforms/MacOSX.platform/Developer/SDKs/MacOSX14.0.sdk -mmacosx-version-min=13.5 -fcolor-diagnostics -MD -MT CMakeFiles/cmTC_05dd2.dir/Debug/CheckSymbolExists.c.o -MF CMakeFiles/cmTC_05dd2.dir/Debug/CheckSymbolExists.c.o.d -o CMakeFiles/cmTC_05dd2.dir/Debug/CheckSymbolExists.c.o -c /Users/rudolfvrbensky/Documents/Programing/C/XSUIlib/build/CMakeFiles/CMakeScratch/TryCompile-PzZU6t/CheckSymbolExists.c
/Users/rudolfvrbensky/Documents/Programing/C/XSUIlib/build/CMakeFiles/CMakeScratch/TryCompile-PzZU6t/CheckSymbolExists.c:14:19: error: use of undeclared identifier '_ui64toa'
  return ((int*)(&_ui64toa))[argc];
                  ^
1 error generated.
ninja: build stopped: subcommand failed.


File CheckSymbolExists.c:
/* */
#include <stddef.h>
#include <stdarg.h>
#include <stdlib.h>
#include <string.h>
#include <stdio.h>
#include <wchar.h>
#include <float.h>

int main(int argc, char** argv)
{
  (void)argv;
#ifndef _ui64toa
  return ((int*)(&_ui64toa))[argc];
#else
  (void)argc;
  return 0;
#endif
}

Determining if the _stricmp exist failed with the following output:
Change Dir: /Users/rudolfvrbensky/Documents/Programing/C/XSUIlib/build/CMakeFiles/CMakeScratch/TryCompile-dJEBmw

Run Build Command(s):/Applications/CLion.app/Contents/bin/ninja/mac/ninja cmTC_e5085 && [1/2] Building C object CMakeFiles/cmTC_e5085.dir/Debug/CheckSymbolExists.c.o
FAILED: CMakeFiles/cmTC_e5085.dir/Debug/CheckSymbolExists.c.o 
/Applications/Xcode.app/Contents/Developer/Toolchains/XcodeDefault.xctoolchain/usr/bin/cc -DCMAKE_INTDIR=\"Debug\"  -idirafter "/Users/rudolfvrbensky/Documents/Programing/C/XSUIlib/external/SDL2/src/video/khronos"  -D_GNU_SOURCE=1 -g -arch arm64 -isysroot /Applications/Xcode.app/Contents/Developer/Platforms/MacOSX.platform/Developer/SDKs/MacOSX14.0.sdk -mmacosx-version-min=13.5 -fcolor-diagnostics -MD -MT CMakeFiles/cmTC_e5085.dir/Debug/CheckSymbolExists.c.o -MF CMakeFiles/cmTC_e5085.dir/Debug/CheckSymbolExists.c.o.d -o CMakeFiles/cmTC_e5085.dir/Debug/CheckSymbolExists.c.o -c /Users/rudolfvrbensky/Documents/Programing/C/XSUIlib/build/CMakeFiles/CMakeScratch/TryCompile-dJEBmw/CheckSymbolExists.c
/Users/rudolfvrbensky/Documents/Programing/C/XSUIlib/build/CMakeFiles/CMakeScratch/TryCompile-dJEBmw/CheckSymbolExists.c:14:19: error: use of undeclared identifier '_stricmp'
  return ((int*)(&_stricmp))[argc];
                  ^
1 error generated.
ninja: build stopped: subcommand failed.


File CheckSymbolExists.c:
/* */
#include <stddef.h>
#include <stdarg.h>
#include <stdlib.h>
#include <string.h>
#include <stdio.h>
#include <wchar.h>
#include <float.h>

int main(int argc, char** argv)
{
  (void)argv;
#ifndef _stricmp
  return ((int*)(&_stricmp))[argc];
#else
  (void)argc;
  return 0;
#endif
}

Determining if the _strnicmp exist failed with the following output:
Change Dir: /Users/rudolfvrbensky/Documents/Programing/C/XSUIlib/build/CMakeFiles/CMakeScratch/TryCompile-UKSs67

Run Build Command(s):/Applications/CLion.app/Contents/bin/ninja/mac/ninja cmTC_fe517 && [1/2] Building C object CMakeFiles/cmTC_fe517.dir/Debug/CheckSymbolExists.c.o
FAILED: CMakeFiles/cmTC_fe517.dir/Debug/CheckSymbolExists.c.o 
/Applications/Xcode.app/Contents/Developer/Toolchains/XcodeDefault.xctoolchain/usr/bin/cc -DCMAKE_INTDIR=\"Debug\"  -idirafter "/Users/rudolfvrbensky/Documents/Programing/C/XSUIlib/external/SDL2/src/video/khronos"  -D_GNU_SOURCE=1 -g -arch arm64 -isysroot /Applications/Xcode.app/Contents/Developer/Platforms/MacOSX.platform/Developer/SDKs/MacOSX14.0.sdk -mmacosx-version-min=13.5 -fcolor-diagnostics -MD -MT CMakeFiles/cmTC_fe517.dir/Debug/CheckSymbolExists.c.o -MF CMakeFiles/cmTC_fe517.dir/Debug/CheckSymbolExists.c.o.d -o CMakeFiles/cmTC_fe517.dir/Debug/CheckSymbolExists.c.o -c /Users/rudolfvrbensky/Documents/Programing/C/XSUIlib/build/CMakeFiles/CMakeScratch/TryCompile-UKSs67/CheckSymbolExists.c
/Users/rudolfvrbensky/Documents/Programing/C/XSUIlib/build/CMakeFiles/CMakeScratch/TryCompile-UKSs67/CheckSymbolExists.c:14:19: error: use of undeclared identifier '_strnicmp'; did you mean 'strncmp'?
  return ((int*)(&_strnicmp))[argc];
                  ^~~~~~~~~
                  strncmp
/Applications/Xcode.app/Contents/Developer/Platforms/MacOSX.platform/Developer/SDKs/MacOSX14.0.sdk/usr/include/string.h:84:6: note: 'strncmp' declared here
int      strncmp(const char *__s1, const char *__s2, size_t __n);
         ^
1 error generated.
ninja: build stopped: subcommand failed.


File CheckSymbolExists.c:
/* */
#include <stddef.h>
#include <stdarg.h>
#include <stdlib.h>
#include <string.h>
#include <stdio.h>
#include <wchar.h>
#include <float.h>

int main(int argc, char** argv)
{
  (void)argv;
#ifndef _strnicmp
  return ((int*)(&_strnicmp))[argc];
#else
  (void)argc;
  return 0;
#endif
}

Determining if the _wcsdup exist failed with the following output:
Change Dir: /Users/rudolfvrbensky/Documents/Programing/C/XSUIlib/build/CMakeFiles/CMakeScratch/TryCompile-PLL8en

Run Build Command(s):/Applications/CLion.app/Contents/bin/ninja/mac/ninja cmTC_a6c22 && [1/2] Building C object CMakeFiles/cmTC_a6c22.dir/Debug/CheckSymbolExists.c.o
FAILED: CMakeFiles/cmTC_a6c22.dir/Debug/CheckSymbolExists.c.o 
/Applications/Xcode.app/Contents/Developer/Toolchains/XcodeDefault.xctoolchain/usr/bin/cc -DCMAKE_INTDIR=\"Debug\"  -idirafter "/Users/rudolfvrbensky/Documents/Programing/C/XSUIlib/external/SDL2/src/video/khronos"  -D_GNU_SOURCE=1 -g -arch arm64 -isysroot /Applications/Xcode.app/Contents/Developer/Platforms/MacOSX.platform/Developer/SDKs/MacOSX14.0.sdk -mmacosx-version-min=13.5 -fcolor-diagnostics -MD -MT CMakeFiles/cmTC_a6c22.dir/Debug/CheckSymbolExists.c.o -MF CMakeFiles/cmTC_a6c22.dir/Debug/CheckSymbolExists.c.o.d -o CMakeFiles/cmTC_a6c22.dir/Debug/CheckSymbolExists.c.o -c /Users/rudolfvrbensky/Documents/Programing/C/XSUIlib/build/CMakeFiles/CMakeScratch/TryCompile-PLL8en/CheckSymbolExists.c
/Users/rudolfvrbensky/Documents/Programing/C/XSUIlib/build/CMakeFiles/CMakeScratch/TryCompile-PLL8en/CheckSymbolExists.c:14:19: error: use of undeclared identifier '_wcsdup'; did you mean 'wcsdup'?
  return ((int*)(&_wcsdup))[argc];
                  ^~~~~~~
                  wcsdup
/Applications/Xcode.app/Contents/Developer/Platforms/MacOSX.platform/Developer/SDKs/MacOSX14.0.sdk/usr/include/wchar.h:199:10: note: 'wcsdup' declared here
wchar_t *wcsdup(const wchar_t *) __OSX_AVAILABLE_STARTING(__MAC_10_7, __IPHONE_4_3);
         ^
1 error generated.
ninja: build stopped: subcommand failed.


File CheckSymbolExists.c:
/* */
#include <stddef.h>
#include <stdarg.h>
#include <stdlib.h>
#include <string.h>
#include <stdio.h>
#include <wchar.h>
#include <float.h>

int main(int argc, char** argv)
{
  (void)argv;
#ifndef _wcsdup
  return ((int*)(&_wcsdup))[argc];
#else
  (void)argc;
  return 0;
#endif
}

Determining if the _wcsicmp exist failed with the following output:
Change Dir: /Users/rudolfvrbensky/Documents/Programing/C/XSUIlib/build/CMakeFiles/CMakeScratch/TryCompile-2O181P

Run Build Command(s):/Applications/CLion.app/Contents/bin/ninja/mac/ninja cmTC_ed962 && [1/2] Building C object CMakeFiles/cmTC_ed962.dir/Debug/CheckSymbolExists.c.o
FAILED: CMakeFiles/cmTC_ed962.dir/Debug/CheckSymbolExists.c.o 
/Applications/Xcode.app/Contents/Developer/Toolchains/XcodeDefault.xctoolchain/usr/bin/cc -DCMAKE_INTDIR=\"Debug\"  -idirafter "/Users/rudolfvrbensky/Documents/Programing/C/XSUIlib/external/SDL2/src/video/khronos"  -D_GNU_SOURCE=1 -g -arch arm64 -isysroot /Applications/Xcode.app/Contents/Developer/Platforms/MacOSX.platform/Developer/SDKs/MacOSX14.0.sdk -mmacosx-version-min=13.5 -fcolor-diagnostics -MD -MT CMakeFiles/cmTC_ed962.dir/Debug/CheckSymbolExists.c.o -MF CMakeFiles/cmTC_ed962.dir/Debug/CheckSymbolExists.c.o.d -o CMakeFiles/cmTC_ed962.dir/Debug/CheckSymbolExists.c.o -c /Users/rudolfvrbensky/Documents/Programing/C/XSUIlib/build/CMakeFiles/CMakeScratch/TryCompile-2O181P/CheckSymbolExists.c
/Users/rudolfvrbensky/Documents/Programing/C/XSUIlib/build/CMakeFiles/CMakeScratch/TryCompile-2O181P/CheckSymbolExists.c:14:19: error: use of undeclared identifier '_wcsicmp'
  return ((int*)(&_wcsicmp))[argc];
                  ^
1 error generated.
ninja: build stopped: subcommand failed.


File CheckSymbolExists.c:
/* */
#include <stddef.h>
#include <stdarg.h>
#include <stdlib.h>
#include <string.h>
#include <stdio.h>
#include <wchar.h>
#include <float.h>

int main(int argc, char** argv)
{
  (void)argv;
#ifndef _wcsicmp
  return ((int*)(&_wcsicmp))[argc];
#else
  (void)argc;
  return 0;
#endif
}

Determining if the _wcsnicmp exist failed with the following output:
Change Dir: /Users/rudolfvrbensky/Documents/Programing/C/XSUIlib/build/CMakeFiles/CMakeScratch/TryCompile-zNvuHn

Run Build Command(s):/Applications/CLion.app/Contents/bin/ninja/mac/ninja cmTC_c6f51 && [1/2] Building C object CMakeFiles/cmTC_c6f51.dir/Debug/CheckSymbolExists.c.o
FAILED: CMakeFiles/cmTC_c6f51.dir/Debug/CheckSymbolExists.c.o 
/Applications/Xcode.app/Contents/Developer/Toolchains/XcodeDefault.xctoolchain/usr/bin/cc -DCMAKE_INTDIR=\"Debug\"  -idirafter "/Users/rudolfvrbensky/Documents/Programing/C/XSUIlib/external/SDL2/src/video/khronos"  -D_GNU_SOURCE=1 -g -arch arm64 -isysroot /Applications/Xcode.app/Contents/Developer/Platforms/MacOSX.platform/Developer/SDKs/MacOSX14.0.sdk -mmacosx-version-min=13.5 -fcolor-diagnostics -MD -MT CMakeFiles/cmTC_c6f51.dir/Debug/CheckSymbolExists.c.o -MF CMakeFiles/cmTC_c6f51.dir/Debug/CheckSymbolExists.c.o.d -o CMakeFiles/cmTC_c6f51.dir/Debug/CheckSymbolExists.c.o -c /Users/rudolfvrbensky/Documents/Programing/C/XSUIlib/build/CMakeFiles/CMakeScratch/TryCompile-zNvuHn/CheckSymbolExists.c
/Users/rudolfvrbensky/Documents/Programing/C/XSUIlib/build/CMakeFiles/CMakeScratch/TryCompile-zNvuHn/CheckSymbolExists.c:14:19: error: use of undeclared identifier '_wcsnicmp'; did you mean 'wcsncmp'?
  return ((int*)(&_wcsnicmp))[argc];
                  ^~~~~~~~~
                  wcsncmp
/Applications/Xcode.app/Contents/Developer/Platforms/MacOSX.platform/Developer/SDKs/MacOSX14.0.sdk/usr/include/wchar.h:134:5: note: 'wcsncmp' declared here
int     wcsncmp(const wchar_t *, const wchar_t *, size_t);
        ^
1 error generated.
ninja: build stopped: subcommand failed.


File CheckSymbolExists.c:
/* */
#include <stddef.h>
#include <stdarg.h>
#include <stdlib.h>
#include <string.h>
#include <stdio.h>
#include <wchar.h>
#include <float.h>

int main(int argc, char** argv)
{
  (void)argv;
#ifndef _wcsnicmp
  return ((int*)(&_wcsnicmp))[argc];
#else
  (void)argc;
  return 0;
#endif
}

Determining if the fopen64 exist failed with the following output:
Change Dir: /Users/rudolfvrbensky/Documents/Programing/C/XSUIlib/build/CMakeFiles/CMakeScratch/TryCompile-7f2t13

Run Build Command(s):/Applications/CLion.app/Contents/bin/ninja/mac/ninja cmTC_01a49 && [1/2] Building C object CMakeFiles/cmTC_01a49.dir/Debug/CheckSymbolExists.c.o
FAILED: CMakeFiles/cmTC_01a49.dir/Debug/CheckSymbolExists.c.o 
/Applications/Xcode.app/Contents/Developer/Toolchains/XcodeDefault.xctoolchain/usr/bin/cc -DCMAKE_INTDIR=\"Debug\"  -idirafter "/Users/rudolfvrbensky/Documents/Programing/C/XSUIlib/external/SDL2/src/video/khronos"  -D_GNU_SOURCE=1 -g -arch arm64 -isysroot /Applications/Xcode.app/Contents/Developer/Platforms/MacOSX.platform/Developer/SDKs/MacOSX14.0.sdk -mmacosx-version-min=13.5 -fcolor-diagnostics -MD -MT CMakeFiles/cmTC_01a49.dir/Debug/CheckSymbolExists.c.o -MF CMakeFiles/cmTC_01a49.dir/Debug/CheckSymbolExists.c.o.d -o CMakeFiles/cmTC_01a49.dir/Debug/CheckSymbolExists.c.o -c /Users/rudolfvrbensky/Documents/Programing/C/XSUIlib/build/CMakeFiles/CMakeScratch/TryCompile-7f2t13/CheckSymbolExists.c
/Users/rudolfvrbensky/Documents/Programing/C/XSUIlib/build/CMakeFiles/CMakeScratch/TryCompile-7f2t13/CheckSymbolExists.c:14:19: error: use of undeclared identifier 'fopen64'; did you mean 'fopen'?
  return ((int*)(&fopen64))[argc];
                  ^~~~~~~
                  fopen
/Applications/Xcode.app/Contents/Developer/Platforms/MacOSX.platform/Developer/SDKs/MacOSX14.0.sdk/usr/include/stdio.h:145:7: note: 'fopen' declared here
FILE    *fopen(const char * __restrict __filename, const char * __restrict __mode) __DARWIN_ALIAS_STARTING(__MAC_10_6, __IPHONE_2_0, __DARWIN_ALIAS(fopen));
         ^
1 error generated.
ninja: build stopped: subcommand failed.


File CheckSymbolExists.c:
/* */
#include <stddef.h>
#include <stdarg.h>
#include <stdlib.h>
#include <string.h>
#include <stdio.h>
#include <wchar.h>
#include <float.h>

int main(int argc, char** argv)
{
  (void)argv;
#ifndef fopen64
  return ((int*)(&fopen64))[argc];
#else
  (void)argc;
  return 0;
#endif
}

Determining if the fseeko64 exist failed with the following output:
Change Dir: /Users/rudolfvrbensky/Documents/Programing/C/XSUIlib/build/CMakeFiles/CMakeScratch/TryCompile-o0tODv

Run Build Command(s):/Applications/CLion.app/Contents/bin/ninja/mac/ninja cmTC_14605 && [1/2] Building C object CMakeFiles/cmTC_14605.dir/Debug/CheckSymbolExists.c.o
FAILED: CMakeFiles/cmTC_14605.dir/Debug/CheckSymbolExists.c.o 
/Applications/Xcode.app/Contents/Developer/Toolchains/XcodeDefault.xctoolchain/usr/bin/cc -DCMAKE_INTDIR=\"Debug\"  -idirafter "/Users/rudolfvrbensky/Documents/Programing/C/XSUIlib/external/SDL2/src/video/khronos"  -D_GNU_SOURCE=1 -g -arch arm64 -isysroot /Applications/Xcode.app/Contents/Developer/Platforms/MacOSX.platform/Developer/SDKs/MacOSX14.0.sdk -mmacosx-version-min=13.5 -fcolor-diagnostics -MD -MT CMakeFiles/cmTC_14605.dir/Debug/CheckSymbolExists.c.o -MF CMakeFiles/cmTC_14605.dir/Debug/CheckSymbolExists.c.o.d -o CMakeFiles/cmTC_14605.dir/Debug/CheckSymbolExists.c.o -c /Users/rudolfvrbensky/Documents/Programing/C/XSUIlib/build/CMakeFiles/CMakeScratch/TryCompile-o0tODv/CheckSymbolExists.c
/Users/rudolfvrbensky/Documents/Programing/C/XSUIlib/build/CMakeFiles/CMakeScratch/TryCompile-o0tODv/CheckSymbolExists.c:14:19: error: use of undeclared identifier 'fseeko64'; did you mean 'fseeko'?
  return ((int*)(&fseeko64))[argc];
                  ^~~~~~~~
                  fseeko
/Applications/Xcode.app/Contents/Developer/Platforms/MacOSX.platform/Developer/SDKs/MacOSX14.0.sdk/usr/include/stdio.h:330:6: note: 'fseeko' declared here
int      fseeko(FILE * __stream, off_t __offset, int __whence);
         ^
1 error generated.
ninja: build stopped: subcommand failed.


File CheckSymbolExists.c:
/* */
#include <stddef.h>
#include <stdarg.h>
#include <stdlib.h>
#include <string.h>
#include <stdio.h>
#include <wchar.h>
#include <float.h>

int main(int argc, char** argv)
{
  (void)argv;
#ifndef fseeko64
  return ((int*)(&fseeko64))[argc];
#else
  (void)argc;
  return 0;
#endif
}

Determining if the getauxval exist failed with the following output:
Change Dir: /Users/rudolfvrbensky/Documents/Programing/C/XSUIlib/build/CMakeFiles/CMakeScratch/TryCompile-sffiTq

Run Build Command(s):/Applications/CLion.app/Contents/bin/ninja/mac/ninja cmTC_c8b25 && [1/2] Building C object CMakeFiles/cmTC_c8b25.dir/Debug/CheckSymbolExists.c.o
FAILED: CMakeFiles/cmTC_c8b25.dir/Debug/CheckSymbolExists.c.o 
/Applications/Xcode.app/Contents/Developer/Toolchains/XcodeDefault.xctoolchain/usr/bin/cc -DCMAKE_INTDIR=\"Debug\"  -idirafter "/Users/rudolfvrbensky/Documents/Programing/C/XSUIlib/external/SDL2/src/video/khronos"  -D_GNU_SOURCE=1 -g -arch arm64 -isysroot /Applications/Xcode.app/Contents/Developer/Platforms/MacOSX.platform/Developer/SDKs/MacOSX14.0.sdk -mmacosx-version-min=13.5 -fcolor-diagnostics -MD -MT CMakeFiles/cmTC_c8b25.dir/Debug/CheckSymbolExists.c.o -MF CMakeFiles/cmTC_c8b25.dir/Debug/CheckSymbolExists.c.o.d -o CMakeFiles/cmTC_c8b25.dir/Debug/CheckSymbolExists.c.o -c /Users/rudolfvrbensky/Documents/Programing/C/XSUIlib/build/CMakeFiles/CMakeScratch/TryCompile-sffiTq/CheckSymbolExists.c
/Users/rudolfvrbensky/Documents/Programing/C/XSUIlib/build/CMakeFiles/CMakeScratch/TryCompile-sffiTq/CheckSymbolExists.c:2:10: fatal error: 'sys/auxv.h' file not found
#include <sys/auxv.h>
         ^~~~~~~~~~~~
1 error generated.
ninja: build stopped: subcommand failed.


File CheckSymbolExists.c:
/* */
#include <sys/auxv.h>

int main(int argc, char** argv)
{
  (void)argv;
#ifndef getauxval
  return ((int*)(&getauxval))[argc];
#else
  (void)argc;
  return 0;
#endif
}

Determining if the elf_aux_info exist failed with the following output:
Change Dir: /Users/rudolfvrbensky/Documents/Programing/C/XSUIlib/build/CMakeFiles/CMakeScratch/TryCompile-3kbAFS

Run Build Command(s):/Applications/CLion.app/Contents/bin/ninja/mac/ninja cmTC_9c235 && [1/2] Building C object CMakeFiles/cmTC_9c235.dir/Debug/CheckSymbolExists.c.o
FAILED: CMakeFiles/cmTC_9c235.dir/Debug/CheckSymbolExists.c.o 
/Applications/Xcode.app/Contents/Developer/Toolchains/XcodeDefault.xctoolchain/usr/bin/cc -DCMAKE_INTDIR=\"Debug\"  -idirafter "/Users/rudolfvrbensky/Documents/Programing/C/XSUIlib/external/SDL2/src/video/khronos"  -D_GNU_SOURCE=1 -g -arch arm64 -isysroot /Applications/Xcode.app/Contents/Developer/Platforms/MacOSX.platform/Developer/SDKs/MacOSX14.0.sdk -mmacosx-version-min=13.5 -fcolor-diagnostics -MD -MT CMakeFiles/cmTC_9c235.dir/Debug/CheckSymbolExists.c.o -MF CMakeFiles/cmTC_9c235.dir/Debug/CheckSymbolExists.c.o.d -o CMakeFiles/cmTC_9c235.dir/Debug/CheckSymbolExists.c.o -c /Users/rudolfvrbensky/Documents/Programing/C/XSUIlib/build/CMakeFiles/CMakeScratch/TryCompile-3kbAFS/CheckSymbolExists.c
/Users/rudolfvrbensky/Documents/Programing/C/XSUIlib/build/CMakeFiles/CMakeScratch/TryCompile-3kbAFS/CheckSymbolExists.c:2:10: fatal error: 'sys/auxv.h' file not found
#include <sys/auxv.h>
         ^~~~~~~~~~~~
1 error generated.
ninja: build stopped: subcommand failed.


File CheckSymbolExists.c:
/* */
#include <sys/auxv.h>

int main(int argc, char** argv)
{
  (void)argv;
#ifndef elf_aux_info
  return ((int*)(&elf_aux_info))[argc];
#else
  (void)argc;
  return 0;
#endif
}

Performing C SOURCE FILE Test HAVE_SEM_TIMEDWAIT failed with the following output:
Change Dir: /Users/rudolfvrbensky/Documents/Programing/C/XSUIlib/build/CMakeFiles/CMakeScratch/TryCompile-kM1web

Run Build Command(s):/Applications/CLion.app/Contents/bin/ninja/mac/ninja cmTC_ea8cc && [1/2] Building C object CMakeFiles/cmTC_ea8cc.dir/Debug/src.c.o
FAILED: CMakeFiles/cmTC_ea8cc.dir/Debug/src.c.o 
/Applications/Xcode.app/Contents/Developer/Toolchains/XcodeDefault.xctoolchain/usr/bin/cc -DHAVE_SEM_TIMEDWAIT -DCMAKE_INTDIR=\"Debug\"  -idirafter "/Users/rudolfvrbensky/Documents/Programing/C/XSUIlib/external/SDL2/src/video/khronos"  -D_GNU_SOURCE=1 -D_THREAD_SAFE -g -arch arm64 -isysroot /Applications/Xcode.app/Contents/Developer/Platforms/MacOSX.platform/Developer/SDKs/MacOSX14.0.sdk -mmacosx-version-min=13.5 -fcolor-diagnostics -MD -MT CMakeFiles/cmTC_ea8cc.dir/Debug/src.c.o -MF CMakeFiles/cmTC_ea8cc.dir/Debug/src.c.o.d -o CMakeFiles/cmTC_ea8cc.dir/Debug/src.c.o -c /Users/rudolfvrbensky/Documents/Programing/C/XSUIlib/build/CMakeFiles/CMakeScratch/TryCompile-kM1web/src.c
/Users/rudolfvrbensky/Documents/Programing/C/XSUIlib/build/CMakeFiles/CMakeScratch/TryCompile-kM1web/src.c:5:19: error: call to undeclared function 'sem_timedwait'; ISO C99 and later do not support implicit function declarations [-Wimplicit-function-declaration]
                  sem_timedwait(NULL, NULL);
                  ^
/Users/rudolfvrbensky/Documents/Programing/C/XSUIlib/build/CMakeFiles/CMakeScratch/TryCompile-kM1web/src.c:5:19: note: did you mean 'sem_trywait'?
/Applications/Xcode.app/Contents/Developer/Platforms/MacOSX.platform/Developer/SDKs/MacOSX14.0.sdk/usr/include/sys/semaphore.h:58:5: note: 'sem_trywait' declared here
int sem_trywait(sem_t *);
    ^
1 error generated.
ninja: build stopped: subcommand failed.


Source file was:

              #include <pthread.h>
              #include <semaphore.h>
              int main(int argc, char **argv) {
                  sem_timedwait(NULL, NULL);
                  return 0;
              }

Determining if files pthread_np.h exist failed with the following output:
Change Dir: /Users/rudolfvrbensky/Documents/Programing/C/XSUIlib/build/CMakeFiles/CMakeScratch/TryCompile-tLbtLG

Run Build Command(s):/Applications/CLion.app/Contents/bin/ninja/mac/ninja cmTC_5cac8 && [1/2] Building C object CMakeFiles/cmTC_5cac8.dir/Debug/HAVE_PTHREAD_NP_H.c.o
FAILED: CMakeFiles/cmTC_5cac8.dir/Debug/HAVE_PTHREAD_NP_H.c.o 
/Applications/Xcode.app/Contents/Developer/Toolchains/XcodeDefault.xctoolchain/usr/bin/cc -DCMAKE_INTDIR=\"Debug\"  -idirafter "/Users/rudolfvrbensky/Documents/Programing/C/XSUIlib/external/SDL2/src/video/khronos"  -D_GNU_SOURCE=1 -D_THREAD_SAFE -g -arch arm64 -isysroot /Applications/Xcode.app/Contents/Developer/Platforms/MacOSX.platform/Developer/SDKs/MacOSX14.0.sdk -mmacosx-version-min=13.5 -fcolor-diagnostics -MD -MT CMakeFiles/cmTC_5cac8.dir/Debug/HAVE_PTHREAD_NP_H.c.o -MF CMakeFiles/cmTC_5cac8.dir/Debug/HAVE_PTHREAD_NP_H.c.o.d -o CMakeFiles/cmTC_5cac8.dir/Debug/HAVE_PTHREAD_NP_H.c.o -c /Users/rudolfvrbensky/Documents/Programing/C/XSUIlib/build/CMakeFiles/CMakeScratch/TryCompile-tLbtLG/HAVE_PTHREAD_NP_H.c
/Users/rudolfvrbensky/Documents/Programing/C/XSUIlib/build/CMakeFiles/CMakeScratch/TryCompile-tLbtLG/HAVE_PTHREAD_NP_H.c:2:10: fatal error: 'pthread_np.h' file not found
#include <pthread_np.h>
         ^~~~~~~~~~~~~~
1 error generated.
ninja: build stopped: subcommand failed.


Source:
/* */
#include <pthread_np.h>


int main(void){return 0;}

